<?xml version="1.0" encoding="UTF-8"?>
<testng-results ignored="0" total="1" passed="1" failed="0" skipped="0">
  <reporter-output>
  </reporter-output>
  <suite started-at="2021-09-23T18:41:39 ALMT" name="Default suite" finished-at="2021-09-23T18:42:07 ALMT" duration-ms="28533">
    <groups>
    </groups>
    <test started-at="2021-09-23T18:41:39 ALMT" name="Default test" finished-at="2021-09-23T18:42:07 ALMT" duration-ms="28533">
      <class name="supplier.create.CreateRemains">
        <test-method signature="newRemain()[pri:0, instance:supplier.create.CreateRemains@6a192cfe]" started-at="2021-09-23T18:41:39 ALMT" name="newRemain" finished-at="2021-09-23T18:42:07 ALMT" duration-ms="28495" status="PASS">
          <reporter-output>
          </reporter-output>
        </test-method> <!-- newRemain -->
      </class> <!-- supplier.create.CreateRemains -->
    </test> <!-- Default test -->
  </suite> <!-- Default suite -->
</testng-results>
