<?xml version="1.0" encoding="UTF-8"?>
<testng-results ignored="0" total="1" passed="1" failed="0" skipped="0">
  <reporter-output>
  </reporter-output>
  <suite started-at="2021-09-24T12:36:48 ALMT" name="Default suite" finished-at="2021-09-24T12:36:51 ALMT" duration-ms="2642">
    <groups>
    </groups>
    <test started-at="2021-09-24T12:36:48 ALMT" name="Default test" finished-at="2021-09-24T12:36:51 ALMT" duration-ms="2642">
      <class name="OAuthTest">
        <test-method signature="test()[pri:0, instance:OAuthTest@a9cd3b1]" started-at="2021-09-24T12:36:48 ALMT" name="test" finished-at="2021-09-24T12:36:50 ALMT" duration-ms="2606" status="PASS">
          <reporter-output>
          </reporter-output>
        </test-method> <!-- test -->
      </class> <!-- OAuthTest -->
    </test> <!-- Default test -->
  </suite> <!-- Default suite -->
</testng-results>
